<?xml version="1.0" encoding="UTF-8"?>
<!-- Generated by org.testng.reporters.JUnitReportReporter -->
<testsuite hostname="LAPTOP-002T00HJ" failures="0" tests="1" name="TestScript.sample8Test" time="12.948" errors="0" timestamp="2024-02-12T15:23:40 IST" skipped="0">
  <testcase classname="TestScript.sample8Test" name="testCase" time="12.948"/>
  <system-out/>
</testsuite> <!-- TestScript.sample8Test -->
