<?xml version="1.0" encoding="UTF-8"?>
<!-- Generated by org.testng.reporters.JUnitReportReporter -->
<testsuite hostname="LAPTOP-002T00HJ" failures="0" tests="1" name="TestScript.SampleTest" time="0.023" errors="0" timestamp="2024-02-09T12:09:01 IST" skipped="0">
  <testcase classname="TestScript.SampleTest" name="testCase" time="0.023"/>
  <system-out>
sample test case execute  </system-out>
</testsuite> <!-- TestScript.SampleTest -->
