<?xml version="1.0" encoding="UTF-8"?>
<!-- Generated by org.testng.reporters.JUnitReportReporter -->
<testsuite hostname="LAPTOP-002T00HJ" failures="0" tests="1" name="TestScript.sample7Test" time="0.869" errors="0" timestamp="2024-02-12T15:13:21 IST" skipped="0">
  <testcase classname="TestScript.sample7Test" name="testCase" time="0.869"/>
  <system-out/>
</testsuite> <!-- TestScript.sample7Test -->
